2019/10/17 02:55:29 Main: Join the group
2019/10/17 02:55:29 Updater: Before ADD Current List is: 
2019/10/17 02:55:29 []
2019/10/17 02:55:29 Updater: New List is: 
2019/10/17 02:55:29 [fa19-cs425-g73-01.cs.illinois.edu:20191017025529]
2019/10/17 02:55:31 Main: Leave the group
2019/10/17 02:55:31 Listener: Recieve Leave message from Node: fa19-cs425-g73-01.cs.illinois.edu:20191017025529
2019/10/17 02:55:31 Listener: NodeID fa19-cs425-g73-01.cs.illinois.edu:20191017025529 is recognized as leave...
2019/10/17 02:55:31 ===Sender: MembershipList is
2019/10/17 02:55:31 []
2019/10/17 02:55:31 Listener: Return from HandleListenMsg 
2019/10/17 02:55:31 HBListener: Received Message Type: Leave from fa19-cs425-g73-01.cs.illinois.edu:20191017025529...
2019/10/17 02:55:31 Introducer: Introducer Leave... Close Port:8886...
2019/10/17 03:10:47 Main: Join the group
2019/10/17 03:10:47 Updater: Before ADD Current List is: 
2019/10/17 03:10:47 []
2019/10/17 03:10:47 Updater: New List is: 
2019/10/17 03:10:47 [fa19-cs425-g73-01.cs.illinois.edu:20191017031047]
2019/10/17 03:10:49 Main: Leave the group
2019/10/17 03:10:49 Listener: Recieve Leave message from Node: fa19-cs425-g73-01.cs.illinois.edu:20191017031047
2019/10/17 03:10:49 Listener: NodeID fa19-cs425-g73-01.cs.illinois.edu:20191017031047 is recognized as leave...
2019/10/17 03:10:49 ===Sender: MembershipList is
2019/10/17 03:10:49 []
2019/10/17 03:10:49 Listener: Return from HandleListenMsg 
2019/10/17 03:10:49 HBListener: Received Message Type: Leave from fa19-cs425-g73-01.cs.illinois.edu:20191017031047...
2019/10/17 03:10:49 Introducer: Introducer Leave... Close Port:8886...
2019/10/17 03:10:51 Main: Join the group
2019/10/17 03:10:51 Updater: Before ADD Current List is: 
2019/10/17 03:10:51 [fa19-cs425-g73-01.cs.illinois.edu:20191017031047]
2019/10/17 03:10:51 Updater: New List is: 
2019/10/17 03:10:51 [fa19-cs425-g73-01.cs.illinois.edu:20191017031047 fa19-cs425-g73-01.cs.illinois.edu:20191017031051]
2019/10/17 03:10:51 listen udp :8886: bind: address already in use
