2019/10/27 17:15:14 Main: Join the group
2019/10/27 17:15:14 read udp 172.22.152.246:57572->172.22.154.242:8888: read: connection refused
2019/10/27 17:15:14 addNode(): Adding nodeID fa19-cs425-g73-01.cs.illinois.edu:20191027171514...
2019/10/27 17:15:14 addNode(): Successfully added!
2019/10/27 17:15:14 Updater: New List is: 
2019/10/27 17:15:14 [fa19-cs425-g73-01.cs.illinois.edu:20191027171514]
2019/10/27 17:15:19 Introducer: JoinMsg Received from Node: fa19-cs425-g73-02.cs.illinois.edu:20191027171519...
2019/10/27 17:15:19 addNode(): Adding nodeID fa19-cs425-g73-02.cs.illinois.edu:20191027171519...
2019/10/27 17:15:19 addNode(): Successfully added!
2019/10/27 17:15:19 Updater: New List is: 
2019/10/27 17:15:19 [fa19-cs425-g73-01.cs.illinois.edu:20191027171514 fa19-cs425-g73-02.cs.illinois.edu:20191027171519]
2019/10/27 17:15:19 Introducer: JoinAck Sent to Node: fa19-cs425-g73-02.cs.illinois.edu:20191027171519...
2019/10/27 17:15:26 sdfsfile.WriteAt() error
2019/10/27 17:20:09 Main: Join the group
2019/10/27 17:20:09 read udp 172.22.152.246:56161->172.22.154.242:8888: read: connection refused
2019/10/27 17:20:09 addNode(): Adding nodeID fa19-cs425-g73-01.cs.illinois.edu:20191027172009...
2019/10/27 17:20:09 addNode(): Successfully added!
2019/10/27 17:20:09 Updater: New List is: 
2019/10/27 17:20:09 [fa19-cs425-g73-01.cs.illinois.edu:20191027172009]
2019/10/27 17:20:26 Main: Join the group
2019/10/27 17:20:26 addNode(): Adding nodeID fa19-cs425-g73-01.cs.illinois.edu:20191027172026...
2019/10/27 17:20:26 addNode(): Successfully added!
2019/10/27 17:20:26 Updater: New List is: 
2019/10/27 17:20:26 [fa19-cs425-g73-01.cs.illinois.edu:20191027172026]
2019/10/27 17:20:35 Introducer: JoinMsg Received from Node: fa19-cs425-g73-02.cs.illinois.edu:20191027172035...
2019/10/27 17:20:35 addNode(): Adding nodeID fa19-cs425-g73-02.cs.illinois.edu:20191027172035...
2019/10/27 17:20:35 addNode(): Successfully added!
2019/10/27 17:20:35 Updater: New List is: 
2019/10/27 17:20:35 [fa19-cs425-g73-01.cs.illinois.edu:20191027172026 fa19-cs425-g73-02.cs.illinois.edu:20191027172035]
2019/10/27 17:20:35 Introducer: JoinAck Sent to Node: fa19-cs425-g73-02.cs.illinois.edu:20191027172035...
2019/10/27 17:20:43 sdfsfile.WriteAt() error
2019/10/27 17:24:43 Main: Join the group
2019/10/27 17:24:43 read udp 172.22.152.246:42569->172.22.154.242:8888: read: connection refused
2019/10/27 17:24:43 addNode(): Adding nodeID fa19-cs425-g73-01.cs.illinois.edu:20191027172443...
2019/10/27 17:24:43 addNode(): Successfully added!
2019/10/27 17:24:43 Updater: New List is: 
2019/10/27 17:24:43 [fa19-cs425-g73-01.cs.illinois.edu:20191027172443]
2019/10/27 17:24:47 Introducer: JoinMsg Received from Node: fa19-cs425-g73-02.cs.illinois.edu:20191027172447...
2019/10/27 17:24:47 addNode(): Adding nodeID fa19-cs425-g73-02.cs.illinois.edu:20191027172447...
2019/10/27 17:24:47 addNode(): Successfully added!
2019/10/27 17:24:47 Updater: New List is: 
2019/10/27 17:24:47 [fa19-cs425-g73-01.cs.illinois.edu:20191027172443 fa19-cs425-g73-02.cs.illinois.edu:20191027172447]
2019/10/27 17:24:47 Introducer: JoinAck Sent to Node: fa19-cs425-g73-02.cs.illinois.edu:20191027172447...
2019/10/27 17:25:00 sdfsfile.WriteAt() error
2019/10/27 17:26:57 Main: Join the group
2019/10/27 17:26:57 read udp 172.22.152.246:45553->172.22.154.242:8888: read: connection refused
2019/10/27 17:26:57 addNode(): Adding nodeID fa19-cs425-g73-01.cs.illinois.edu:20191027172657...
2019/10/27 17:26:57 addNode(): Successfully added!
2019/10/27 17:26:57 Updater: New List is: 
2019/10/27 17:26:57 [fa19-cs425-g73-01.cs.illinois.edu:20191027172657]
2019/10/27 17:27:07 Introducer: JoinMsg Received from Node: fa19-cs425-g73-02.cs.illinois.edu:20191027172707...
2019/10/27 17:27:07 addNode(): Adding nodeID fa19-cs425-g73-02.cs.illinois.edu:20191027172707...
2019/10/27 17:27:07 addNode(): Successfully added!
2019/10/27 17:27:07 Updater: New List is: 
2019/10/27 17:27:07 [fa19-cs425-g73-01.cs.illinois.edu:20191027172657 fa19-cs425-g73-02.cs.illinois.edu:20191027172707]
2019/10/27 17:27:07 Introducer: JoinAck Sent to Node: fa19-cs425-g73-02.cs.illinois.edu:20191027172707...
2019/10/27 17:27:13 sdfsfile.WriteAt() error os: invalid use of WriteAt on file opened with O_APPEND
2019/10/27 17:28:01 Main: Join the group
2019/10/27 17:28:01 read udp 172.22.152.246:38633->172.22.154.242:8888: read: connection refused
2019/10/27 17:28:01 addNode(): Adding nodeID fa19-cs425-g73-01.cs.illinois.edu:20191027172801...
2019/10/27 17:28:01 addNode(): Successfully added!
2019/10/27 17:28:01 Updater: New List is: 
2019/10/27 17:28:01 [fa19-cs425-g73-01.cs.illinois.edu:20191027172801]
2019/10/27 17:28:06 Introducer: JoinMsg Received from Node: fa19-cs425-g73-02.cs.illinois.edu:20191027172806...
2019/10/27 17:28:06 addNode(): Adding nodeID fa19-cs425-g73-02.cs.illinois.edu:20191027172806...
2019/10/27 17:28:06 addNode(): Successfully added!
2019/10/27 17:28:06 Updater: New List is: 
2019/10/27 17:28:06 [fa19-cs425-g73-01.cs.illinois.edu:20191027172801 fa19-cs425-g73-02.cs.illinois.edu:20191027172806]
2019/10/27 17:28:06 Introducer: JoinAck Sent to Node: fa19-cs425-g73-02.cs.illinois.edu:20191027172806...
