2019/12/09 06:44:04 Main: Join the group
2019/12/09 06:44:04 addNode(): Adding nodeID fa19-cs425-g73-01.cs.illinois.edu:20191209064404...
2019/12/09 06:44:04 addNode(): Successfully added!
2019/12/09 06:44:04 Updater: New List is: 
2019/12/09 06:44:04 [fa19-cs425-g73-01.cs.illinois.edu:20191209064404]
2019/12/09 06:44:08 Introducer: JoinMsg Received from Node: fa19-cs425-g73-02.cs.illinois.edu:20191209064408...
2019/12/09 06:44:08 addNode(): Adding nodeID fa19-cs425-g73-02.cs.illinois.edu:20191209064408...
2019/12/09 06:44:08 addNode(): Successfully added!
2019/12/09 06:44:08 Updater: New List is: 
2019/12/09 06:44:08 [fa19-cs425-g73-01.cs.illinois.edu:20191209064404 fa19-cs425-g73-02.cs.illinois.edu:20191209064408]
2019/12/09 06:44:08 Introducer: JoinAck Sent to Node: fa19-cs425-g73-02.cs.illinois.edu:20191209064408...
2019/12/09 06:45:13 Introducer: JoinMsg Received from Node: fa19-cs425-g73-03.cs.illinois.edu:20191209064513...
2019/12/09 06:45:13 Sender:Sent Introduce to Monitor: fa19-cs425-g73-02.cs.illinois.edu:20191209064408...
2019/12/09 06:45:13 addNode(): Adding nodeID fa19-cs425-g73-03.cs.illinois.edu:20191209064513...
2019/12/09 06:45:13 addNode(): Successfully added!
2019/12/09 06:45:13 Updater: New List is: 
2019/12/09 06:45:13 [fa19-cs425-g73-01.cs.illinois.edu:20191209064404 fa19-cs425-g73-02.cs.illinois.edu:20191209064408 fa19-cs425-g73-03.cs.illinois.edu:20191209064513]
2019/12/09 06:45:13 Introducer: JoinAck Sent to Node: fa19-cs425-g73-03.cs.illinois.edu:20191209064513...
2019/12/09 06:45:17 ====Store sdfsfile: filename = input/uaj, size = 1025763, source = fa19-cs425-g73-03.cs.illinois.edu
2019/12/09 06:45:17 ====Store sdfsfile: filename = input/uan, size = 1031822, source = fa19-cs425-g73-03.cs.illinois.edu
2019/12/09 06:45:17 ====Store sdfsfile: filename = input/uaq, size = 1027162, source = fa19-cs425-g73-03.cs.illinois.edu
2019/12/09 06:45:17 ====Store sdfsfile: filename = input/uar, size = 1027229, source = fa19-cs425-g73-03.cs.illinois.edu
2019/12/09 06:45:20 Main: Show all files
2019/12/09 06:45:51 ====Store sdfsfile: filename = WordCountMapper, size = 2183410, source = fa19-cs425-g73-03.cs.illinois.edu
2019/12/09 06:45:51 DataNode: Map Task 1 Started!!
2019/12/09 06:45:51 ====Get file: filename = SDFS/localFile/WordCountMapper, size = 2183410, source = fa19-cs425-g73-01.cs.illinois.edu
2019/12/09 06:45:51 There are 2 file for this Map Task
2019/12/09 06:45:51 ====Get file: filename = SDFS/localFile/input/uar, size = 1027229, source = fa19-cs425-g73-01.cs.illinois.edu
2019/12/09 06:45:51 ====Get file: filename = SDFS/localFile/input/uar, size = 1027229, source = fa19-cs425-g73-02.cs.illinois.edu
2019/12/09 06:45:51 ====Get file: filename = SDFS/localFile/input/uar, size = 1027229, source = fa19-cs425-g73-03.cs.illinois.edu
2019/12/09 06:45:51 ====Get file: filename = SDFS/localFile/WordCountMapper, size = 2183410, source = fa19-cs425-g73-02.cs.illinois.edu
2019/12/09 06:45:51 ====Get file: filename = SDFS/localFile/WordCountMapper, size = 2183410, source = fa19-cs425-g73-03.cs.illinois.edu
2019/12/09 06:46:02 ====Get file: filename = SDFS/localFile/input/uaj, size = 1025763, source = fa19-cs425-g73-01.cs.illinois.edu
2019/12/09 06:46:02 ====Get file: filename = SDFS/localFile/input/uaj, size = 1025763, source = fa19-cs425-g73-02.cs.illinois.edu
2019/12/09 06:46:02 ====Get file: filename = SDFS/localFile/input/uaj, size = 1025763, source = fa19-cs425-g73-03.cs.illinois.edu
2019/12/09 06:46:55 ====Store sdfsfile: filename = WordCountReducer, size = 2072729, source = fa19-cs425-g73-03.cs.illinois.edu
2019/12/09 06:48:28 Main: Don't support this command
2019/12/09 06:48:29 Main: Don't support this command
2019/12/09 06:48:29 Main: Don't support this command
2019/12/09 06:49:02 Listener: Recieve Fail message from Node: fa19-cs425-g73-02.cs.illinois.edu:20191209064408
2019/12/09 06:49:02 deleteNode(): Deleting nodeID fa19-cs425-g73-03.cs.illinois.edu:20191209064513...
2019/12/09 06:49:02 deleteNode(): Successfully deleted!
2019/12/09 06:49:02 Listener: NodeID fa19-cs425-g73-03.cs.illinois.edu:20191209064513 is detected as fail...
2019/12/09 06:49:02 Listener: Return from HandleListenMsg 
2019/12/09 06:52:32 Main: Join the group
2019/12/09 06:52:32 read udp 172.22.152.246:52537->172.22.154.242:8888: read: connection refused
2019/12/09 06:52:32 addNode(): Adding nodeID fa19-cs425-g73-01.cs.illinois.edu:20191209065232...
2019/12/09 06:52:32 addNode(): Successfully added!
2019/12/09 06:52:32 Updater: New List is: 
2019/12/09 06:52:32 [fa19-cs425-g73-01.cs.illinois.edu:20191209065232]
2019/12/09 06:52:36 Introducer: JoinMsg Received from Node: fa19-cs425-g73-03.cs.illinois.edu:20191209065235...
2019/12/09 06:52:36 addNode(): Adding nodeID fa19-cs425-g73-03.cs.illinois.edu:20191209065235...
2019/12/09 06:52:36 addNode(): Successfully added!
2019/12/09 06:52:36 Updater: New List is: 
2019/12/09 06:52:36 [fa19-cs425-g73-01.cs.illinois.edu:20191209065232 fa19-cs425-g73-03.cs.illinois.edu:20191209065235]
2019/12/09 06:52:36 Introducer: JoinAck Sent to Node: fa19-cs425-g73-03.cs.illinois.edu:20191209065235...
2019/12/09 06:52:39 Introducer: JoinMsg Received from Node: fa19-cs425-g73-02.cs.illinois.edu:20191209065239...
2019/12/09 06:52:39 Sender:Sent Introduce to Monitor: fa19-cs425-g73-03.cs.illinois.edu:20191209065235...
2019/12/09 06:52:39 addNode(): Adding nodeID fa19-cs425-g73-02.cs.illinois.edu:20191209065239...
2019/12/09 06:52:39 addNode(): Successfully added!
2019/12/09 06:52:39 Updater: New List is: 
2019/12/09 06:52:39 [fa19-cs425-g73-01.cs.illinois.edu:20191209065232 fa19-cs425-g73-02.cs.illinois.edu:20191209065239 fa19-cs425-g73-03.cs.illinois.edu:20191209065235]
2019/12/09 06:52:39 Introducer: JoinAck Sent to Node: fa19-cs425-g73-02.cs.illinois.edu:20191209065239...
2019/12/09 06:52:44 ====Store sdfsfile: filename = input/uaj, size = 1025763, source = fa19-cs425-g73-03.cs.illinois.edu
2019/12/09 06:52:44 ====Store sdfsfile: filename = input/uan, size = 1031822, source = fa19-cs425-g73-03.cs.illinois.edu
2019/12/09 06:52:44 ====Store sdfsfile: filename = input/uaq, size = 1027162, source = fa19-cs425-g73-03.cs.illinois.edu
2019/12/09 06:52:44 ====Store sdfsfile: filename = input/uar, size = 1027229, source = fa19-cs425-g73-03.cs.illinois.edu
2019/12/09 06:53:00 ====Store sdfsfile: filename = WordCountMapper, size = 2183410, source = fa19-cs425-g73-03.cs.illinois.edu
2019/12/09 06:57:00 Main: Join the group
2019/12/09 06:57:00 read udp 172.22.152.246:45187->172.22.154.242:8888: read: connection refused
2019/12/09 06:57:00 read udp 172.22.152.246:42670->172.22.156.242:8888: read: connection refused
2019/12/09 06:57:00 addNode(): Adding nodeID fa19-cs425-g73-01.cs.illinois.edu:20191209065700...
2019/12/09 06:57:00 addNode(): Successfully added!
2019/12/09 06:57:00 Updater: New List is: 
2019/12/09 06:57:00 [fa19-cs425-g73-01.cs.illinois.edu:20191209065700]
2019/12/09 06:57:04 Introducer: JoinMsg Received from Node: fa19-cs425-g73-03.cs.illinois.edu:20191209065704...
2019/12/09 06:57:04 addNode(): Adding nodeID fa19-cs425-g73-03.cs.illinois.edu:20191209065704...
2019/12/09 06:57:04 addNode(): Successfully added!
2019/12/09 06:57:04 Updater: New List is: 
2019/12/09 06:57:04 [fa19-cs425-g73-01.cs.illinois.edu:20191209065700 fa19-cs425-g73-03.cs.illinois.edu:20191209065704]
2019/12/09 06:57:04 Introducer: JoinAck Sent to Node: fa19-cs425-g73-03.cs.illinois.edu:20191209065704...
2019/12/09 06:57:08 Introducer: JoinMsg Received from Node: fa19-cs425-g73-02.cs.illinois.edu:20191209065708...
2019/12/09 06:57:08 Sender:Sent Introduce to Monitor: fa19-cs425-g73-03.cs.illinois.edu:20191209065704...
2019/12/09 06:57:08 addNode(): Adding nodeID fa19-cs425-g73-02.cs.illinois.edu:20191209065708...
2019/12/09 06:57:08 addNode(): Successfully added!
2019/12/09 06:57:08 Updater: New List is: 
2019/12/09 06:57:08 [fa19-cs425-g73-01.cs.illinois.edu:20191209065700 fa19-cs425-g73-02.cs.illinois.edu:20191209065708 fa19-cs425-g73-03.cs.illinois.edu:20191209065704]
2019/12/09 06:57:08 Introducer: JoinAck Sent to Node: fa19-cs425-g73-02.cs.illinois.edu:20191209065708...
2019/12/09 06:57:13 ====Store sdfsfile: filename = input/uaj, size = 1025763, source = fa19-cs425-g73-03.cs.illinois.edu
2019/12/09 06:57:13 ====Store sdfsfile: filename = input/uan, size = 1031822, source = fa19-cs425-g73-03.cs.illinois.edu
2019/12/09 06:57:13 ====Store sdfsfile: filename = input/uaq, size = 1027162, source = fa19-cs425-g73-03.cs.illinois.edu
2019/12/09 06:57:13 ====Store sdfsfile: filename = input/uar, size = 1027229, source = fa19-cs425-g73-03.cs.illinois.edu
2019/12/09 06:57:21 ====Store sdfsfile: filename = WordCountMapper, size = 2183410, source = fa19-cs425-g73-03.cs.illinois.edu
2019/12/09 07:02:29 Main: Join the group
2019/12/09 07:02:29 read udp 172.22.152.246:51930->172.22.154.242:8888: read: connection refused
2019/12/09 07:02:29 read udp 172.22.152.246:42915->172.22.156.242:8888: read: connection refused
2019/12/09 07:02:29 addNode(): Adding nodeID fa19-cs425-g73-01.cs.illinois.edu:20191209070229...
2019/12/09 07:02:29 addNode(): Successfully added!
2019/12/09 07:02:29 Updater: New List is: 
2019/12/09 07:02:29 [fa19-cs425-g73-01.cs.illinois.edu:20191209070229]
2019/12/09 07:02:33 Introducer: JoinMsg Received from Node: fa19-cs425-g73-03.cs.illinois.edu:20191209070233...
2019/12/09 07:02:33 addNode(): Adding nodeID fa19-cs425-g73-03.cs.illinois.edu:20191209070233...
2019/12/09 07:02:33 addNode(): Successfully added!
2019/12/09 07:02:33 Updater: New List is: 
2019/12/09 07:02:33 [fa19-cs425-g73-01.cs.illinois.edu:20191209070229 fa19-cs425-g73-03.cs.illinois.edu:20191209070233]
2019/12/09 07:02:33 Introducer: JoinAck Sent to Node: fa19-cs425-g73-03.cs.illinois.edu:20191209070233...
2019/12/09 07:02:36 Introducer: JoinMsg Received from Node: fa19-cs425-g73-02.cs.illinois.edu:20191209070236...
2019/12/09 07:02:36 Sender:Sent Introduce to Monitor: fa19-cs425-g73-03.cs.illinois.edu:20191209070233...
2019/12/09 07:02:36 addNode(): Adding nodeID fa19-cs425-g73-02.cs.illinois.edu:20191209070236...
2019/12/09 07:02:36 addNode(): Successfully added!
2019/12/09 07:02:36 Updater: New List is: 
2019/12/09 07:02:36 [fa19-cs425-g73-01.cs.illinois.edu:20191209070229 fa19-cs425-g73-02.cs.illinois.edu:20191209070236 fa19-cs425-g73-03.cs.illinois.edu:20191209070233]
2019/12/09 07:02:36 Introducer: JoinAck Sent to Node: fa19-cs425-g73-02.cs.illinois.edu:20191209070236...
2019/12/09 07:02:42 ====Store sdfsfile: filename = input/uaj, size = 1025763, source = fa19-cs425-g73-03.cs.illinois.edu
2019/12/09 07:02:42 ====Store sdfsfile: filename = input/uan, size = 1031822, source = fa19-cs425-g73-03.cs.illinois.edu
2019/12/09 07:02:42 ====Store sdfsfile: filename = input/uaq, size = 1027162, source = fa19-cs425-g73-03.cs.illinois.edu
2019/12/09 07:02:42 ====Store sdfsfile: filename = input/uar, size = 1027229, source = fa19-cs425-g73-03.cs.illinois.edu
2019/12/09 07:02:53 ====Store sdfsfile: filename = WordCountMapper, size = 2183410, source = fa19-cs425-g73-03.cs.illinois.edu
2019/12/09 07:03:54 Listener: Recieve Fail message from Node: fa19-cs425-g73-02.cs.illinois.edu:20191209070236
2019/12/09 07:03:54 deleteNode(): Deleting nodeID fa19-cs425-g73-03.cs.illinois.edu:20191209070233...
2019/12/09 07:03:54 deleteNode(): Successfully deleted!
2019/12/09 07:03:54 Listener: NodeID fa19-cs425-g73-03.cs.illinois.edu:20191209070233 is detected as fail...
2019/12/09 07:03:54 Listener: Return from HandleListenMsg 
2019/12/09 07:04:46 Main: Join the group
2019/12/09 07:04:46 read udp 172.22.152.246:59391->172.22.154.242:8888: read: connection refused
2019/12/09 07:04:46 addNode(): Adding nodeID fa19-cs425-g73-01.cs.illinois.edu:20191209070446...
2019/12/09 07:04:46 addNode(): Successfully added!
2019/12/09 07:04:46 Updater: New List is: 
2019/12/09 07:04:46 [fa19-cs425-g73-01.cs.illinois.edu:20191209070446]
2019/12/09 07:04:50 Introducer: JoinMsg Received from Node: fa19-cs425-g73-03.cs.illinois.edu:20191209070450...
2019/12/09 07:04:50 addNode(): Adding nodeID fa19-cs425-g73-03.cs.illinois.edu:20191209070450...
2019/12/09 07:04:50 addNode(): Successfully added!
2019/12/09 07:04:50 Updater: New List is: 
2019/12/09 07:04:50 [fa19-cs425-g73-01.cs.illinois.edu:20191209070446 fa19-cs425-g73-03.cs.illinois.edu:20191209070450]
2019/12/09 07:04:50 Introducer: JoinAck Sent to Node: fa19-cs425-g73-03.cs.illinois.edu:20191209070450...
2019/12/09 07:04:54 Introducer: JoinMsg Received from Node: fa19-cs425-g73-02.cs.illinois.edu:20191209070454...
2019/12/09 07:04:54 Sender:Sent Introduce to Monitor: fa19-cs425-g73-03.cs.illinois.edu:20191209070450...
2019/12/09 07:04:54 addNode(): Adding nodeID fa19-cs425-g73-02.cs.illinois.edu:20191209070454...
2019/12/09 07:04:54 addNode(): Successfully added!
2019/12/09 07:04:54 Updater: New List is: 
2019/12/09 07:04:54 [fa19-cs425-g73-01.cs.illinois.edu:20191209070446 fa19-cs425-g73-02.cs.illinois.edu:20191209070454 fa19-cs425-g73-03.cs.illinois.edu:20191209070450]
2019/12/09 07:04:54 Introducer: JoinAck Sent to Node: fa19-cs425-g73-02.cs.illinois.edu:20191209070454...
2019/12/09 07:05:00 ====Store sdfsfile: filename = input/uaj, size = 1025763, source = fa19-cs425-g73-03.cs.illinois.edu
2019/12/09 07:05:00 ====Store sdfsfile: filename = input/uan, size = 1031822, source = fa19-cs425-g73-03.cs.illinois.edu
2019/12/09 07:05:00 ====Store sdfsfile: filename = input/uaq, size = 1027162, source = fa19-cs425-g73-03.cs.illinois.edu
2019/12/09 07:05:00 ====Store sdfsfile: filename = input/uar, size = 1027229, source = fa19-cs425-g73-03.cs.illinois.edu
2019/12/09 07:05:17 ====Store sdfsfile: filename = WordCountMapper, size = 2183410, source = fa19-cs425-g73-03.cs.illinois.edu
2019/12/09 07:05:48 Listener: Recieve Fail message from Node: fa19-cs425-g73-02.cs.illinois.edu:20191209070454
2019/12/09 07:05:48 deleteNode(): Deleting nodeID fa19-cs425-g73-03.cs.illinois.edu:20191209070450...
2019/12/09 07:05:48 deleteNode(): Successfully deleted!
2019/12/09 07:05:48 Listener: NodeID fa19-cs425-g73-03.cs.illinois.edu:20191209070450 is detected as fail...
2019/12/09 07:05:48 Listener: Return from HandleListenMsg 
2019/12/09 07:07:43 Main: Join the group
2019/12/09 07:07:43 read udp 172.22.152.246:34252->172.22.154.242:8888: read: connection refused
2019/12/09 07:07:43 addNode(): Adding nodeID fa19-cs425-g73-01.cs.illinois.edu:20191209070743...
2019/12/09 07:07:43 addNode(): Successfully added!
2019/12/09 07:07:43 Updater: New List is: 
2019/12/09 07:07:43 [fa19-cs425-g73-01.cs.illinois.edu:20191209070743]
2019/12/09 07:07:48 Introducer: JoinMsg Received from Node: fa19-cs425-g73-03.cs.illinois.edu:20191209070748...
2019/12/09 07:07:48 addNode(): Adding nodeID fa19-cs425-g73-03.cs.illinois.edu:20191209070748...
2019/12/09 07:07:48 addNode(): Successfully added!
2019/12/09 07:07:48 Updater: New List is: 
2019/12/09 07:07:48 [fa19-cs425-g73-01.cs.illinois.edu:20191209070743 fa19-cs425-g73-03.cs.illinois.edu:20191209070748]
2019/12/09 07:07:48 Introducer: JoinAck Sent to Node: fa19-cs425-g73-03.cs.illinois.edu:20191209070748...
2019/12/09 07:07:52 Introducer: JoinMsg Received from Node: fa19-cs425-g73-02.cs.illinois.edu:20191209070752...
2019/12/09 07:07:52 Sender:Sent Introduce to Monitor: fa19-cs425-g73-03.cs.illinois.edu:20191209070748...
2019/12/09 07:07:52 addNode(): Adding nodeID fa19-cs425-g73-02.cs.illinois.edu:20191209070752...
2019/12/09 07:07:52 addNode(): Successfully added!
2019/12/09 07:07:52 Updater: New List is: 
2019/12/09 07:07:52 [fa19-cs425-g73-01.cs.illinois.edu:20191209070743 fa19-cs425-g73-02.cs.illinois.edu:20191209070752 fa19-cs425-g73-03.cs.illinois.edu:20191209070748]
2019/12/09 07:07:52 Introducer: JoinAck Sent to Node: fa19-cs425-g73-02.cs.illinois.edu:20191209070752...
2019/12/09 07:07:58 ====Store sdfsfile: filename = input/uaj, size = 1025763, source = fa19-cs425-g73-03.cs.illinois.edu
2019/12/09 07:07:58 ====Store sdfsfile: filename = input/uan, size = 1031822, source = fa19-cs425-g73-03.cs.illinois.edu
2019/12/09 07:07:58 ====Store sdfsfile: filename = input/uaq, size = 1027162, source = fa19-cs425-g73-03.cs.illinois.edu
2019/12/09 07:07:58 ====Store sdfsfile: filename = input/uar, size = 1027229, source = fa19-cs425-g73-03.cs.illinois.edu
2019/12/09 07:08:23 ====Store sdfsfile: filename = WordCountMapper, size = 2183410, source = fa19-cs425-g73-03.cs.illinois.edu
2019/12/09 07:09:09 ====Store sdfsfile: filename = WordCountReducer, size = 2072729, source = fa19-cs425-g73-03.cs.illinois.edu
2019/12/09 07:13:02 Main: Don't support this command
2019/12/09 07:13:06 Main: Show all files
2019/12/09 07:25:13 Main: Show the current Membership List
2019/12/09 07:34:51 Main: Join the group
2019/12/09 07:34:51 read udp 172.22.152.246:52679->172.22.154.242:8888: read: connection refused
2019/12/09 07:34:51 read udp 172.22.152.246:36746->172.22.156.242:8888: read: connection refused
2019/12/09 07:34:51 addNode(): Adding nodeID fa19-cs425-g73-01.cs.illinois.edu:20191209073451...
2019/12/09 07:34:51 addNode(): Successfully added!
2019/12/09 07:34:51 Updater: New List is: 
2019/12/09 07:34:51 [fa19-cs425-g73-01.cs.illinois.edu:20191209073451]
2019/12/09 07:34:55 Introducer: JoinMsg Received from Node: fa19-cs425-g73-02.cs.illinois.edu:20191209073455...
2019/12/09 07:34:55 addNode(): Adding nodeID fa19-cs425-g73-02.cs.illinois.edu:20191209073455...
2019/12/09 07:34:55 addNode(): Successfully added!
2019/12/09 07:34:55 Updater: New List is: 
2019/12/09 07:34:55 [fa19-cs425-g73-01.cs.illinois.edu:20191209073451 fa19-cs425-g73-02.cs.illinois.edu:20191209073455]
2019/12/09 07:34:55 Introducer: JoinAck Sent to Node: fa19-cs425-g73-02.cs.illinois.edu:20191209073455...
2019/12/09 07:35:06 Introducer: JoinMsg Received from Node: fa19-cs425-g73-03.cs.illinois.edu:20191209073506...
2019/12/09 07:35:06 Sender:Sent Introduce to Monitor: fa19-cs425-g73-02.cs.illinois.edu:20191209073455...
2019/12/09 07:35:06 addNode(): Adding nodeID fa19-cs425-g73-03.cs.illinois.edu:20191209073506...
2019/12/09 07:35:06 addNode(): Successfully added!
2019/12/09 07:35:06 Updater: New List is: 
2019/12/09 07:35:06 [fa19-cs425-g73-01.cs.illinois.edu:20191209073451 fa19-cs425-g73-02.cs.illinois.edu:20191209073455 fa19-cs425-g73-03.cs.illinois.edu:20191209073506]
2019/12/09 07:35:06 Introducer: JoinAck Sent to Node: fa19-cs425-g73-03.cs.illinois.edu:20191209073506...
2019/12/09 07:35:11 ====Store sdfsfile: filename = input/uar, size = 1027229, source = fa19-cs425-g73-03.cs.illinois.edu
2019/12/09 07:35:45 ====Store sdfsfile: filename = WordCountMapper, size = 2183410, source = fa19-cs425-g73-03.cs.illinois.edu
2019/12/09 07:36:08 ====Store sdfsfile: filename = WordCountMapper, size = 2183410, source = fa19-cs425-g73-03.cs.illinois.edu
2019/12/09 07:36:52 ====Store sdfsfile: filename = WordCountReducer, size = 2072729, source = fa19-cs425-g73-03.cs.illinois.edu
2019/12/09 07:38:40 Main: Show all files
2019/12/09 07:40:38 Main: Join the group
2019/12/09 07:40:38 read udp 172.22.152.246:55910->172.22.154.242:8888: read: connection refused
2019/12/09 07:40:38 read udp 172.22.152.246:60982->172.22.156.242:8888: read: connection refused
2019/12/09 07:40:38 addNode(): Adding nodeID fa19-cs425-g73-01.cs.illinois.edu:20191209074038...
2019/12/09 07:40:38 addNode(): Successfully added!
2019/12/09 07:40:38 Updater: New List is: 
2019/12/09 07:40:38 [fa19-cs425-g73-01.cs.illinois.edu:20191209074038]
2019/12/09 07:40:49 Introducer: JoinMsg Received from Node: fa19-cs425-g73-03.cs.illinois.edu:20191209074049...
2019/12/09 07:40:49 addNode(): Adding nodeID fa19-cs425-g73-03.cs.illinois.edu:20191209074049...
2019/12/09 07:40:49 addNode(): Successfully added!
2019/12/09 07:40:49 Updater: New List is: 
2019/12/09 07:40:49 [fa19-cs425-g73-01.cs.illinois.edu:20191209074038 fa19-cs425-g73-03.cs.illinois.edu:20191209074049]
2019/12/09 07:40:49 Introducer: JoinAck Sent to Node: fa19-cs425-g73-03.cs.illinois.edu:20191209074049...
2019/12/09 07:40:54 Introducer: JoinMsg Received from Node: fa19-cs425-g73-02.cs.illinois.edu:20191209074054...
2019/12/09 07:40:54 Sender:Sent Introduce to Monitor: fa19-cs425-g73-03.cs.illinois.edu:20191209074049...
2019/12/09 07:40:54 addNode(): Adding nodeID fa19-cs425-g73-02.cs.illinois.edu:20191209074054...
2019/12/09 07:40:54 addNode(): Successfully added!
2019/12/09 07:40:54 Updater: New List is: 
2019/12/09 07:40:54 [fa19-cs425-g73-01.cs.illinois.edu:20191209074038 fa19-cs425-g73-02.cs.illinois.edu:20191209074054 fa19-cs425-g73-03.cs.illinois.edu:20191209074049]
2019/12/09 07:40:54 Introducer: JoinAck Sent to Node: fa19-cs425-g73-02.cs.illinois.edu:20191209074054...
2019/12/09 07:41:02 ====Store sdfsfile: filename = input/uar, size = 1027229, source = fa19-cs425-g73-03.cs.illinois.edu
2019/12/09 07:41:18 ====Store sdfsfile: filename = WordCountMapper, size = 2183410, source = fa19-cs425-g73-03.cs.illinois.edu
2019/12/09 07:42:00 ====Store sdfsfile: filename = WordCountReducer, size = 2072729, source = fa19-cs425-g73-03.cs.illinois.edu
2019/12/09 07:43:53 ====Store sdfsfile: filename = output, size = 538942, source = fa19-cs425-g73-02.cs.illinois.edu
2019/12/09 07:43:53 ====Store sdfsfile: filename = output, size = 61763, source = fa19-cs425-g73-03.cs.illinois.edu
2019/12/09 07:58:11 Main: Show all files
2019/12/09 07:58:26 Listener: Recieve Fail message from Node: fa19-cs425-g73-03.cs.illinois.edu:20191209074049
2019/12/09 07:58:26 deleteNode(): Deleting nodeID fa19-cs425-g73-02.cs.illinois.edu:20191209074054...
2019/12/09 07:58:26 deleteNode(): Successfully deleted!
2019/12/09 07:58:26 Listener: NodeID fa19-cs425-g73-02.cs.illinois.edu:20191209074054 is detected as fail...
2019/12/09 07:58:26 Listener: Return from HandleListenMsg 
2019/12/09 10:11:42 Main: Join the group
2019/12/09 10:11:42 read udp 172.22.152.246:45176->172.22.156.242:8888: read: connection refused
2019/12/09 10:11:42 addNode(): Adding nodeID fa19-cs425-g73-01.cs.illinois.edu:20191209101142...
2019/12/09 10:11:42 addNode(): Successfully added!
2019/12/09 10:11:42 Updater: New List is: 
2019/12/09 10:11:42 [fa19-cs425-g73-01.cs.illinois.edu:20191209101142]
2019/12/09 10:11:44 Introducer: JoinMsg Received from Node: fa19-cs425-g73-02.cs.illinois.edu:20191209101144...
2019/12/09 10:11:44 addNode(): Adding nodeID fa19-cs425-g73-02.cs.illinois.edu:20191209101144...
2019/12/09 10:11:44 addNode(): Successfully added!
2019/12/09 10:11:44 Updater: New List is: 
2019/12/09 10:11:44 [fa19-cs425-g73-01.cs.illinois.edu:20191209101142 fa19-cs425-g73-02.cs.illinois.edu:20191209101144]
2019/12/09 10:11:44 Introducer: JoinAck Sent to Node: fa19-cs425-g73-02.cs.illinois.edu:20191209101144...
2019/12/09 10:11:48 Introducer: JoinMsg Received from Node: fa19-cs425-g73-03.cs.illinois.edu:20191209101148...
2019/12/09 10:11:48 Sender:Sent Introduce to Monitor: fa19-cs425-g73-02.cs.illinois.edu:20191209101144...
2019/12/09 10:11:48 addNode(): Adding nodeID fa19-cs425-g73-03.cs.illinois.edu:20191209101148...
2019/12/09 10:11:48 addNode(): Successfully added!
2019/12/09 10:11:48 Updater: New List is: 
2019/12/09 10:11:48 [fa19-cs425-g73-01.cs.illinois.edu:20191209101142 fa19-cs425-g73-02.cs.illinois.edu:20191209101144 fa19-cs425-g73-03.cs.illinois.edu:20191209101148]
2019/12/09 10:11:48 Introducer: JoinAck Sent to Node: fa19-cs425-g73-03.cs.illinois.edu:20191209101148...
2019/12/09 10:11:57 ====Store sdfsfile: filename = input/uar, size = 1027229, source = fa19-cs425-g73-03.cs.illinois.edu
2019/12/09 10:12:20 ====Store sdfsfile: filename = WordCountMapper, size = 2183410, source = fa19-cs425-g73-03.cs.illinois.edu
2019/12/09 10:12:50 ====Store sdfsfile: filename = WordCountMapper, size = 2183410, source = fa19-cs425-g73-03.cs.illinois.edu
2019/12/09 10:13:30 ====Store sdfsfile: filename = WordCountReducer, size = 2072729, source = fa19-cs425-g73-03.cs.illinois.edu
2019/12/09 10:14:15 ====Store sdfsfile: filename = output, size = 61718, source = fa19-cs425-g73-02.cs.illinois.edu
2019/12/09 10:14:15 ====Store sdfsfile: filename = output, size = 61622, source = fa19-cs425-g73-03.cs.illinois.edu
2019/12/09 10:14:32 Main: Show all files
2019/12/09 10:14:39 Main: Get sdfsfilename localfilename
2019/12/09 10:14:39 ====Get file: filename = SDFS/localFile/output, size = 123340, source = fa19-cs425-g73-01.cs.illinois.edu
2019/12/09 10:14:39 ====Get file: filename = SDFS/localFile/output, size = 123340, source = fa19-cs425-g73-03.cs.illinois.edu
2019/12/09 10:14:39 ====Get file: filename = SDFS/localFile/output, size = 123340, source = fa19-cs425-g73-02.cs.illinois.edu
2019/12/09 10:14:51 Main: Show all files
2019/12/09 10:27:37 Main: Join the group
2019/12/09 10:27:37 read udp 172.22.152.246:34527->172.22.154.242:8888: read: connection refused
2019/12/09 10:27:37 read udp 172.22.152.246:44403->172.22.156.242:8888: read: connection refused
2019/12/09 10:27:37 addNode(): Adding nodeID fa19-cs425-g73-01.cs.illinois.edu:20191209102737...
2019/12/09 10:27:37 addNode(): Successfully added!
2019/12/09 10:27:37 Updater: New List is: 
2019/12/09 10:27:37 [fa19-cs425-g73-01.cs.illinois.edu:20191209102737]
2019/12/09 10:27:41 Introducer: JoinMsg Received from Node: fa19-cs425-g73-03.cs.illinois.edu:20191209102741...
2019/12/09 10:27:41 addNode(): Adding nodeID fa19-cs425-g73-03.cs.illinois.edu:20191209102741...
2019/12/09 10:27:41 addNode(): Successfully added!
2019/12/09 10:27:41 Updater: New List is: 
2019/12/09 10:27:41 [fa19-cs425-g73-01.cs.illinois.edu:20191209102737 fa19-cs425-g73-03.cs.illinois.edu:20191209102741]
2019/12/09 10:27:41 Introducer: JoinAck Sent to Node: fa19-cs425-g73-03.cs.illinois.edu:20191209102741...
2019/12/09 10:27:45 Introducer: JoinMsg Received from Node: fa19-cs425-g73-02.cs.illinois.edu:20191209102745...
2019/12/09 10:27:45 Sender:Sent Introduce to Monitor: fa19-cs425-g73-03.cs.illinois.edu:20191209102741...
2019/12/09 10:27:45 addNode(): Adding nodeID fa19-cs425-g73-02.cs.illinois.edu:20191209102745...
2019/12/09 10:27:45 addNode(): Successfully added!
2019/12/09 10:27:45 Updater: New List is: 
2019/12/09 10:27:45 [fa19-cs425-g73-01.cs.illinois.edu:20191209102737 fa19-cs425-g73-02.cs.illinois.edu:20191209102745 fa19-cs425-g73-03.cs.illinois.edu:20191209102741]
2019/12/09 10:27:45 Introducer: JoinAck Sent to Node: fa19-cs425-g73-02.cs.illinois.edu:20191209102745...
2019/12/09 10:27:50 ====Store sdfsfile: filename = input/uar, size = 1027229, source = fa19-cs425-g73-03.cs.illinois.edu
2019/12/09 10:28:02 ====Store sdfsfile: filename = WordCountMapper, size = 2183410, source = fa19-cs425-g73-03.cs.illinois.edu
2019/12/09 10:28:39 ====Store sdfsfile: filename = WordCountReducer, size = 2072729, source = fa19-cs425-g73-03.cs.illinois.edu
2019/12/09 10:28:55 Listener: Recieve Fail message from Node: fa19-cs425-g73-02.cs.illinois.edu:20191209102745
2019/12/09 10:28:55 deleteNode(): Deleting nodeID fa19-cs425-g73-03.cs.illinois.edu:20191209102741...
2019/12/09 10:28:55 deleteNode(): Successfully deleted!
2019/12/09 10:28:55 Listener: NodeID fa19-cs425-g73-03.cs.illinois.edu:20191209102741 is detected as fail...
2019/12/09 10:28:55 Listener: Return from HandleListenMsg 
2019/12/09 10:30:18 Main: Join the group
2019/12/09 10:30:18 read udp 172.22.152.246:47601->172.22.154.242:8888: read: connection refused
2019/12/09 10:30:18 addNode(): Adding nodeID fa19-cs425-g73-01.cs.illinois.edu:20191209103018...
2019/12/09 10:30:18 addNode(): Successfully added!
2019/12/09 10:30:18 Updater: New List is: 
2019/12/09 10:30:18 [fa19-cs425-g73-01.cs.illinois.edu:20191209103018]
2019/12/09 10:30:25 Introducer: JoinMsg Received from Node: fa19-cs425-g73-02.cs.illinois.edu:20191209103025...
2019/12/09 10:30:25 addNode(): Adding nodeID fa19-cs425-g73-02.cs.illinois.edu:20191209103025...
2019/12/09 10:30:25 addNode(): Successfully added!
2019/12/09 10:30:25 Updater: New List is: 
2019/12/09 10:30:25 [fa19-cs425-g73-01.cs.illinois.edu:20191209103018 fa19-cs425-g73-02.cs.illinois.edu:20191209103025]
2019/12/09 10:30:25 Introducer: JoinAck Sent to Node: fa19-cs425-g73-02.cs.illinois.edu:20191209103025...
2019/12/09 10:30:28 Introducer: JoinMsg Received from Node: fa19-cs425-g73-03.cs.illinois.edu:20191209103028...
2019/12/09 10:30:28 Sender:Sent Introduce to Monitor: fa19-cs425-g73-02.cs.illinois.edu:20191209103025...
2019/12/09 10:30:28 addNode(): Adding nodeID fa19-cs425-g73-03.cs.illinois.edu:20191209103028...
2019/12/09 10:30:28 addNode(): Successfully added!
2019/12/09 10:30:28 Updater: New List is: 
2019/12/09 10:30:28 [fa19-cs425-g73-01.cs.illinois.edu:20191209103018 fa19-cs425-g73-02.cs.illinois.edu:20191209103025 fa19-cs425-g73-03.cs.illinois.edu:20191209103028]
2019/12/09 10:30:28 Introducer: JoinAck Sent to Node: fa19-cs425-g73-03.cs.illinois.edu:20191209103028...
2019/12/09 10:30:35 ====Store sdfsfile: filename = input/uar, size = 1027229, source = fa19-cs425-g73-03.cs.illinois.edu
2019/12/09 10:30:50 ====Store sdfsfile: filename = WordCountMapper, size = 2183410, source = fa19-cs425-g73-03.cs.illinois.edu
2019/12/09 10:30:58 deleteNode(): Deleting nodeID fa19-cs425-g73-03.cs.illinois.edu:20191209103028...
2019/12/09 10:30:58 deleteNode(): Successfully deleted!
2019/12/09 10:30:58 HBTimer: fa19-cs425-g73-03.cs.illinois.edu:20191209103028 timeout!! timeDiff is 6.224870445s
2019/12/09 10:30:58 Sender:Sent Fail to Monitor: fa19-cs425-g73-02.cs.illinois.edu:20191209103025...
2019/12/09 10:31:35 ====Store sdfsfile: filename = WordCountReducer, size = 2072729, source = fa19-cs425-g73-02.cs.illinois.edu
2019/12/09 10:32:58 ====Store sdfsfile: filename = output, size = 267006, source = fa19-cs425-g73-02.cs.illinois.edu
2019/12/09 10:32:58 ===Delete Error: cache does not exsit in local!
2019/12/09 10:32:58 Namenode.deleteInputFiles.client.Delete: error at node  fa19-cs425-g73-01.cs.illinois.edu:20191209103018
2019/12/09 10:33:40 Main: Show all files
2019/12/09 11:29:31 Main: Join the group
2019/12/09 11:29:31 read udp 172.22.152.246:47340->172.22.154.242:8888: read: connection refused
2019/12/09 11:29:31 addNode(): Adding nodeID fa19-cs425-g73-01.cs.illinois.edu:20191209112931...
2019/12/09 11:29:31 addNode(): Successfully added!
2019/12/09 11:29:31 Updater: New List is: 
2019/12/09 11:29:31 [fa19-cs425-g73-01.cs.illinois.edu:20191209112931]
2019/12/09 11:30:00 Main: Join the group
2019/12/09 11:30:00 addNode(): Adding nodeID fa19-cs425-g73-01.cs.illinois.edu:20191209113000...
2019/12/09 11:30:00 addNode(): Successfully added!
2019/12/09 11:30:00 Updater: New List is: 
2019/12/09 11:30:00 [fa19-cs425-g73-01.cs.illinois.edu:20191209113000]
2019/12/09 11:30:04 Introducer: JoinMsg Received from Node: fa19-cs425-g73-03.cs.illinois.edu:20191209113004...
2019/12/09 11:30:04 addNode(): Adding nodeID fa19-cs425-g73-03.cs.illinois.edu:20191209113004...
2019/12/09 11:30:04 addNode(): Successfully added!
2019/12/09 11:30:04 Updater: New List is: 
2019/12/09 11:30:04 [fa19-cs425-g73-01.cs.illinois.edu:20191209113000 fa19-cs425-g73-03.cs.illinois.edu:20191209113004]
2019/12/09 11:30:04 Introducer: JoinAck Sent to Node: fa19-cs425-g73-03.cs.illinois.edu:20191209113004...
2019/12/09 11:30:08 Introducer: JoinMsg Received from Node: fa19-cs425-g73-02.cs.illinois.edu:20191209113008...
2019/12/09 11:30:08 Sender:Sent Introduce to Monitor: fa19-cs425-g73-03.cs.illinois.edu:20191209113004...
2019/12/09 11:30:08 addNode(): Adding nodeID fa19-cs425-g73-02.cs.illinois.edu:20191209113008...
2019/12/09 11:30:08 addNode(): Successfully added!
2019/12/09 11:30:08 Updater: New List is: 
2019/12/09 11:30:08 [fa19-cs425-g73-01.cs.illinois.edu:20191209113000 fa19-cs425-g73-02.cs.illinois.edu:20191209113008 fa19-cs425-g73-03.cs.illinois.edu:20191209113004]
2019/12/09 11:30:08 Introducer: JoinAck Sent to Node: fa19-cs425-g73-02.cs.illinois.edu:20191209113008...
2019/12/09 11:30:13 ====Store sdfsfile: filename = input/uar, size = 1027229, source = fa19-cs425-g73-03.cs.illinois.edu
2019/12/09 11:30:29 ====Store sdfsfile: filename = WordCountMapper, size = 2183410, source = fa19-cs425-g73-03.cs.illinois.edu
2019/12/09 11:30:52 Main: Show all files
2019/12/09 11:31:17 ====Store sdfsfile: filename = WordCountReducer, size = 2072729, source = fa19-cs425-g73-03.cs.illinois.edu
2019/12/09 11:32:08 ====Store sdfsfile: filename = output, size = 61672, source = fa19-cs425-g73-02.cs.illinois.edu
2019/12/09 11:32:09 ====Store sdfsfile: filename = output, size = 73836, source = fa19-cs425-g73-03.cs.illinois.edu
2019/12/09 11:32:21 Main: Show all files
2019/12/09 11:32:35 Main: Get sdfsfilename localfilename
2019/12/09 11:32:42 Main: Get sdfsfilename localfilename
2019/12/09 11:32:42 ====Get file: filename = SDFS/localFile/output1, size = 135508, source = fa19-cs425-g73-01.cs.illinois.edu
2019/12/09 11:32:42 ====Get file: filename = SDFS/localFile/output1, size = 135508, source = fa19-cs425-g73-02.cs.illinois.edu
2019/12/09 11:32:42 ====Get file: filename = SDFS/localFile/output1, size = 135508, source = fa19-cs425-g73-03.cs.illinois.edu
2019/12/09 11:40:35 Main: Join the group
2019/12/09 11:40:35 read udp 172.22.152.246:35071->172.22.154.242:8888: read: connection refused
2019/12/09 11:40:35 read udp 172.22.152.246:37157->172.22.156.242:8888: read: connection refused
2019/12/09 11:40:35 addNode(): Adding nodeID fa19-cs425-g73-01.cs.illinois.edu:20191209114035...
2019/12/09 11:40:35 addNode(): Successfully added!
2019/12/09 11:40:35 Updater: New List is: 
2019/12/09 11:40:35 [fa19-cs425-g73-01.cs.illinois.edu:20191209114035]
2019/12/09 11:40:37 Introducer: JoinMsg Received from Node: fa19-cs425-g73-02.cs.illinois.edu:20191209114037...
2019/12/09 11:40:37 addNode(): Adding nodeID fa19-cs425-g73-02.cs.illinois.edu:20191209114037...
2019/12/09 11:40:37 addNode(): Successfully added!
2019/12/09 11:40:37 Updater: New List is: 
2019/12/09 11:40:37 [fa19-cs425-g73-01.cs.illinois.edu:20191209114035 fa19-cs425-g73-02.cs.illinois.edu:20191209114037]
2019/12/09 11:40:37 Introducer: JoinAck Sent to Node: fa19-cs425-g73-02.cs.illinois.edu:20191209114037...
2019/12/09 11:40:58 Introducer: JoinMsg Received from Node: fa19-cs425-g73-03.cs.illinois.edu:20191209114058...
2019/12/09 11:40:58 Sender:Sent Introduce to Monitor: fa19-cs425-g73-02.cs.illinois.edu:20191209114037...
2019/12/09 11:40:58 addNode(): Adding nodeID fa19-cs425-g73-03.cs.illinois.edu:20191209114058...
2019/12/09 11:40:58 addNode(): Successfully added!
2019/12/09 11:40:58 Updater: New List is: 
2019/12/09 11:40:58 [fa19-cs425-g73-01.cs.illinois.edu:20191209114035 fa19-cs425-g73-02.cs.illinois.edu:20191209114037 fa19-cs425-g73-03.cs.illinois.edu:20191209114058]
2019/12/09 11:40:58 Introducer: JoinAck Sent to Node: fa19-cs425-g73-03.cs.illinois.edu:20191209114058...
2019/12/09 11:41:26 ====Store sdfsfile: filename = input/uar, size = 1027229, source = fa19-cs425-g73-03.cs.illinois.edu
2019/12/09 11:41:46 ====Store sdfsfile: filename = WordCountMapper, size = 2183410, source = fa19-cs425-g73-03.cs.illinois.edu
